[06Jan2025 00:06:21.165] [Server thread/INFO] [net.minecraft.server.MinecraftServer/]: [Jxxnfx: Set the weather to rain]
[06Jan2025 00:50:18.039] [Server thread/INFO] [net.minecraft.server.MinecraftServer/]: [Jxxnfx: Teleported Jxxnfx to 4928.500000, 235.515734, -159.500000]
[06Jan2025 00:50:18.040] [Server thread/WARN] [net.minecraft.server.MinecraftServer/]: Can't keep up! Is the server overloaded? Running 2822ms or 56 ticks behind
[06Jan2025 00:52:38.666] [Server thread/INFO] [net.minecraft.server.MinecraftServer/]: Jxxnfx has made the advancement [Hot Stuff]
[06Jan2025 00:56:57.688] [Server thread/INFO] [net.minecraft.server.MinecraftServer/]: [Jxxnfx: Set the time to 13000]
[06Jan2025 00:57:27.438] [Server thread/INFO] [net.minecraft.server.MinecraftServer/]: [Jxxnfx: Teleported Jxxnfx to 4704.500000, 67.180571, 144.500000]
[06Jan2025 00:59:10.489] [Server thread/INFO] [net.minecraft.server.MinecraftServer/]: [Jxxnfx: Teleported Jxxnfx to 3056.500000, 140.368137, 736.500000]
[06Jan2025 00:59:10.490] [Server thread/WARN] [net.minecraft.server.MinecraftServer/]: Can't keep up! Is the server overloaded? Running 2372ms or 47 ticks behind
[06Jan2025 01:00:09.650] [Server thread/INFO] [net.minecraft.server.MinecraftServer/]: [Jxxnfx: Set the time to 1000]
[06Jan2025 01:03:41.939] [Server thread/INFO] [net.minecraft.server.MinecraftServer/]: [Jxxnfx: Set the time to 13000]
[06Jan2025 01:09:49.579] [Server thread/INFO] [net.minecraft.world.entity.npc.Villager/]: Villager Villager['Weaponsmith'/14254, l='ServerLevel[world]', x=3097.26, y=69.00, z=746.05] died, message: 'Weaponsmith was slain by Zombie'
[06Jan2025 01:20:40.552] [Server thread/INFO] [net.minecraft.world.entity.npc.Villager/]: Villager Villager['Villager'/14232, l='ServerLevel[world]', x=3067.30, y=62.82, z=726.59] died, message: 'Villager was slain by Jxxnfx'
[06Jan2025 01:20:42.500] [Server thread/INFO] [net.minecraft.world.entity.npc.Villager/]: Villager Villager['Villager'/14225, l='ServerLevel[world]', x=3067.30, y=61.94, z=725.46] died, message: 'Villager was slain by Jxxnfx'
[06Jan2025 01:22:02.624] [Server thread/INFO] [net.minecraft.server.MinecraftServer/]: [Jxxnfx: Set the time to 13000]
[06Jan2025 01:27:45.225] [Server thread/INFO] [net.minecraft.world.entity.npc.Villager/]: Villager Villager['Weaponsmith'/14281, l='ServerLevel[world]', x=3107.70, y=55.53, z=740.34] died, message: 'Weaponsmith was slain by Zombie'
[06Jan2025 01:33:23.648] [Server thread/INFO] [net.minecraft.world.entity.npc.Villager/]: Villager Villager['Villager'/14236, l='ServerLevel[world]', x=3057.10, y=65.00, z=722.86] died, message: 'Villager was slain by Jxxnfx'
[06Jan2025 01:36:29.141] [Server thread/INFO] [net.minecraft.world.entity.npc.Villager/]: Villager Villager['Weaponsmith'/14234, l='ServerLevel[world]', x=3067.07, y=68.00, z=699.98] died, message: 'Weaponsmith was slain by Jxxnfx'
[06Jan2025 01:36:55.993] [Server thread/INFO] [net.minecraft.world.entity.npc.Villager/]: Villager Villager['Shepherd'/14260, l='ServerLevel[world]', x=3068.66, y=66.00, z=798.30] died, message: 'Shepherd was slain by Jxxnfx'
[06Jan2025 01:37:38.530] [Server thread/INFO] [net.minecraft.server.MinecraftServer/]: [Not Secure] <Jxxnfx> 3058 76 750
[06Jan2025 01:37:47.542] [Server thread/INFO] [net.minecraft.world.entity.npc.Villager/]: Villager Villager['Weaponsmith'/14233, l='ServerLevel[world]', x=3121.97, y=68.00, z=758.12] died, message: 'Weaponsmith was slain by Jxxnfx'
[06Jan2025 01:56:47.128] [Server thread/INFO] [net.minecraft.server.MinecraftServer/]: [Jxxnfx: Set the time to 13000]
[06Jan2025 01:57:26.843] [Server thread/INFO] [net.minecraft.server.MinecraftServer/]: [Jxxnfx: Set the time to 1000]
[06Jan2025 02:09:06.941] [Server thread/INFO] [net.minecraft.server.MinecraftServer/]: [Jxxnfx: Teleported Jxxnfx to 2164.500000, 76.000000, -810.500000]
[06Jan2025 02:09:20.953] [Server thread/INFO] [net.minecraft.server.MinecraftServer/]: [Jxxnfx: Teleported Jxxnfx to 2164.500000, 120.000000, -810.500000]
[06Jan2025 02:09:25.716] [Server thread/INFO] [net.minecraft.server.MinecraftServer/]: [Jxxnfx: Teleported Jxxnfx to 2164.500000, 200.000000, -810.500000]
[06Jan2025 02:10:28.405] [Server thread/INFO] [net.minecraft.server.MinecraftServer/]: [Jxxnfx: Teleported Jxxnfx to 3058.500000, 76.000000, 750.500000]
[06Jan2025 02:10:36.607] [Server thread/INFO] [net.minecraft.server.MinecraftServer/]: [Jxxnfx: Teleported Jxxnfx to 2164.500000, 200.000000, -810.500000]
[06Jan2025 02:10:53.346] [Server thread/INFO] [net.minecraft.server.MinecraftServer/]: [Not Secure] <Jxxnfx> 2138
[06Jan2025 02:10:57.516] [Server thread/INFO] [net.minecraft.server.MinecraftServer/]: [Not Secure] <Jxxnfx> 210
[06Jan2025 02:11:00.615] [Server thread/INFO] [net.minecraft.server.MinecraftServer/]: [Not Secure] <Jxxnfx> -801
[06Jan2025 02:11:02.801] [Server thread/INFO] [net.minecraft.server.MinecraftServer/]: [Jxxnfx: Teleported Jxxnfx to 2164.500000, 200.000000, -810.500000]
[06Jan2025 02:11:05.698] [Server thread/INFO] [net.minecraft.server.MinecraftServer/]: [Jxxnfx: Teleported Jxxnfx to 3058.500000, 76.000000, 750.500000]
[06Jan2025 02:17:20.085] [Server thread/INFO] [net.minecraft.server.MinecraftServer/]: [Jxxnfx: Set the time to 13000]
[06Jan2025 02:19:05.070] [Server thread/INFO] [net.minecraft.server.MinecraftServer/]: [Jxxnfx: Teleported Jxxnfx to 2164.500000, 200.000000, -810.500000]
[06Jan2025 02:19:26.415] [Server thread/INFO] [net.minecraft.server.MinecraftServer/]: [Jxxnfx: Set own game mode to Survival Mode]
[06Jan2025 02:20:12.792] [Server thread/INFO] [net.minecraft.server.MinecraftServer/]: [Jxxnfx: Set own game mode to Creative Mode]
[06Jan2025 02:20:20.108] [Server thread/INFO] [net.minecraft.server.MinecraftServer/]: [Jxxnfx: Set own game mode to Survival Mode]
[06Jan2025 02:20:57.314] [Server thread/INFO] [net.minecraft.server.MinecraftServer/]: [Jxxnfx: Set own game mode to Creative Mode]
